0 silly argv {
0 silly argv   _: [ 'run' ],
0 silly argv   parallel: true,
0 silly argv   lernaVersion: '3.22.0',
0 silly argv   '$0': '/Users/home/Repositories/sanity-nextjs-landing-pages/node_modules/.bin/lerna',
0 silly argv   script: 'dev'
0 silly argv }
1 notice cli v3.22.0
2 verbose rootPath /Users/home/Repositories/sanity-nextjs-landing-pages
3 info Executing command in 2 packages: "npm run dev"
4 silly npmRunScript.stream [ 'dev', [], 'sanity-nextjs-landing-pages-studio' ]
5 silly getExecOpts /Users/home/Repositories/sanity-nextjs-landing-pages/studio undefined
6 silly npmRunScript.stream [ 'dev', [], 'sanity-nextjs-landing-pages-web' ]
7 silly getExecOpts /Users/home/Repositories/sanity-nextjs-landing-pages/web undefined
8 error Error: Command failed: npm run dev
8 error Browserslist: caniuse-lite is outdated. Please run next command `npm update`
8 error Warning: React.createFactory() is deprecated and will be removed in a future major release. Consider using JSX or use React.createElement() directly instead.
8 error Missing blocks
8 error Missing blocks
8 error Missing blocks
8 error Missing blocks
8 error Missing blocks
8 error Missing blocks
8 error Missing blocks
8 error Missing blocks
8 error
8 error
8 error > sanity-nextjs-landing-pages-web@1.0.5 dev /Users/home/Repositories/sanity-nextjs-landing-pages/web
8 error > next
8 error
8 error [ wait ]  starting the development server ...
8 error [ info ]  waiting on http://localhost:3000 ...
8 error Defining routes from exportPathMap
8 error [ ready ] compiled successfully
8 error [ info ]  ready on http://localhost:3000
8 error [ event ] client pings, but there's no entry for page: /CustomPage
8 error [ event ] build page: /LandingPage
8 error [ wait ]  compiling ...
8 error [ ready ] compiled successfully
8 error [ info ]  ready on http://localhost:3000
8 error [ event ] build page: /CustomPage
8 error [ wait ]  compiling ...
8 error [ ready ] compiled successfully
8 error [ info ]  ready on http://localhost:3000
8 error [ wait ]  compiling ...
8 error [ warn ]  chunk styles [mini-css-extract-plugin]
8 error Conflicting order between:
8 error  * css ./node_modules/css-loader??ref--5-2!./node_modules/postcss-loader/src??ref--5-3!./components/Figure.module.css
8 error  * css ./node_modules/css-loader??ref--5-2!./node_modules/postcss-loader/src??ref--5-3!./components/sections/Hero.module.css
8 error  * css ./node_modules/css-loader??ref--5-2!./node_modules/postcss-loader/src??ref--5-3!./styles/shared.module.css
8 error
8 error chunk styles [mini-css-extract-plugin]
8 error Conflicting order between:
8 error  * css ./node_modules/css-loader??ref--5-2!./node_modules/postcss-loader/src??ref--5-3!./styles/shared.module.css
8 error  * css ./node_modules/css-loader??ref--5-2!./node_modules/postcss-loader/src??ref--5-3!./components/Cta.module.css
8 error  * css ./node_modules/css-loader??ref--5-2!./node_modules/postcss-loader/src??ref--5-3!./components/sections/ImageSection.module.css
8 error
8 error chunk styles [mini-css-extract-plugin]
8 error Conflicting order between:
8 error  * css ./node_modules/css-loader??ref--5-2!./node_modules/postcss-loader/src??ref--5-3!./components/sections/Hero.module.css
8 error  * css ./node_modules/css-loader??ref--5-2!./node_modules/postcss-loader/src??ref--5-3!./components/Cta.module.css
8 error  * css ./node_modules/css-loader??ref--5-2!./node_modules/postcss-loader/src??ref--5-3!./components/sections/ImageSection.module.css
8 error
8 error chunk styles [mini-css-extract-plugin]
8 error Conflicting order between:
8 error  * css ./node_modules/css-loader??ref--5-2!./node_modules/postcss-loader/src??ref--5-3!./components/Cta.module.css
8 error  * css ./node_modules/css-loader??ref--5-2!./node_modules/postcss-loader/src??ref--5-3!./components/sections/ImageSection.module.css
8 error
8 error chunk styles [mini-css-extract-plugin]
8 error Conflicting order between:
8 error  * css ./node_modules/css-loader??ref--5-2!./node_modules/postcss-loader/src??ref--5-3!./components/sections/Video.module.css
8 error  * css ./node_modules/css-loader??ref--5-2!./node_modules/postcss-loader/src??ref--5-3!./components/sections/ImageSection.module.css
8 error
8 error chunk styles [mini-css-extract-plugin]
8 error Conflicting order between:
8 error  * css ./node_modules/css-loader??ref--5-2!./node_modules/postcss-loader/src??ref--5-3!./node_modules/react-image-lightbox/style.css
8 error  * css ./node_modules/css-loader??ref--5-2!./node_modules/postcss-loader/src??ref--5-3!./components/sections/ImageSection.module.css
8 error
8 error chunk styles [mini-css-extract-plugin]
8 error Conflicting order between:
8 error  * css ./node_modules/css-loader??ref--5-2!./node_modules/postcss-loader/src??ref--5-3!./components/sections/Mailchimp.module.css
8 error  * css ./node_modules/css-loader??ref--5-2!./node_modules/postcss-loader/src??ref--5-3!./components/sections/ImageSection.module.css
8 error
8 error chunk styles [mini-css-extract-plugin]
8 error Conflicting order between:
8 error  * css ./node_modules/css-loader??ref--5-2!./node_modules/postcss-loader/src??ref--5-3!./components/sections/TextSection.module.css
8 error  * css ./node_modules/css-loader??ref--5-2!./node_modules/postcss-loader/src??ref--5-3!./components/sections/ImageSection.module.css
8 error [ info ]  ready on http://localhost:3000
8 error [ wait ]  compiling ...
8 error [ warn ]  chunk styles [mini-css-extract-plugin]
8 error Conflicting order between:
8 error  * css ./node_modules/css-loader??ref--5-2!./node_modules/postcss-loader/src??ref--5-3!./components/Figure.module.css
8 error  * css ./node_modules/css-loader??ref--5-2!./node_modules/postcss-loader/src??ref--5-3!./components/sections/Hero.module.css
8 error  * css ./node_modules/css-loader??ref--5-2!./node_modules/postcss-loader/src??ref--5-3!./styles/shared.module.css
8 error
8 error chunk styles [mini-css-extract-plugin]
8 error Conflicting order between:
8 error  * css ./node_modules/css-loader??ref--5-2!./node_modules/postcss-loader/src??ref--5-3!./styles/shared.module.css
8 error  * css ./node_modules/css-loader??ref--5-2!./node_modules/postcss-loader/src??ref--5-3!./components/Cta.module.css
8 error  * css ./node_modules/css-loader??ref--5-2!./node_modules/postcss-loader/src??ref--5-3!./components/sections/ImageSection.module.css
8 error
8 error chunk styles [mini-css-extract-plugin]
8 error Conflicting order between:
8 error  * css ./node_modules/css-loader??ref--5-2!./node_modules/postcss-loader/src??ref--5-3!./components/sections/Hero.module.css
8 error  * css ./node_modules/css-loader??ref--5-2!./node_modules/postcss-loader/src??ref--5-3!./components/Cta.module.css
8 error  * css ./node_modules/css-loader??ref--5-2!./node_modules/postcss-loader/src??ref--5-3!./components/sections/ImageSection.module.css
8 error
8 error chunk styles [mini-css-extract-plugin]
8 error Conflicting order between:
8 error  * css ./node_modules/css-loader??ref--5-2!./node_modules/postcss-loader/src??ref--5-3!./components/Cta.module.css
8 error  * css ./node_modules/css-loader??ref--5-2!./node_modules/postcss-loader/src??ref--5-3!./components/sections/ImageSection.module.css
8 error
8 error chunk styles [mini-css-extract-plugin]
8 error Conflicting order between:
8 error  * css ./node_modules/css-loader??ref--5-2!./node_modules/postcss-loader/src??ref--5-3!./components/sections/Video.module.css
8 error  * css ./node_modules/css-loader??ref--5-2!./node_modules/postcss-loader/src??ref--5-3!./components/sections/ImageSection.module.css
8 error
8 error chunk styles [mini-css-extract-plugin]
8 error Conflicting order between:
8 error  * css ./node_modules/css-loader??ref--5-2!./node_modules/postcss-loader/src??ref--5-3!./node_modules/react-image-lightbox/style.css
8 error  * css ./node_modules/css-loader??ref--5-2!./node_modules/postcss-loader/src??ref--5-3!./components/sections/ImageSection.module.css
8 error
8 error chunk styles [mini-css-extract-plugin]
8 error Conflicting order between:
8 error  * css ./node_modules/css-loader??ref--5-2!./node_modules/postcss-loader/src??ref--5-3!./components/sections/Mailchimp.module.css
8 error  * css ./node_modules/css-loader??ref--5-2!./node_modules/postcss-loader/src??ref--5-3!./components/sections/ImageSection.module.css
8 error
8 error chunk styles [mini-css-extract-plugin]
8 error Conflicting order between:
8 error  * css ./node_modules/css-loader??ref--5-2!./node_modules/postcss-loader/src??ref--5-3!./components/sections/ImageSection.module.css
8 error  * css ./node_modules/css-loader??ref--5-2!./node_modules/postcss-loader/src??ref--5-3!./components/sections/TextSection.module.css
8 error [ info ]  ready on http://localhost:3000
8 error [ error ] ./components/HomeLayout.js
8 error Error: ENOENT: no such file or directory, open '/Users/home/Repositories/sanity-nextjs-landing-pages/web/components/HomeLayout.js'
8 error [ wait ]  compiling ...
8 error [ warn ]  chunk styles [mini-css-extract-plugin]
8 error Conflicting order between:
8 error  * css ./node_modules/css-loader??ref--5-2!./node_modules/postcss-loader/src??ref--5-3!./components/Figure.module.css
8 error  * css ./node_modules/css-loader??ref--5-2!./node_modules/postcss-loader/src??ref--5-3!./components/sections/Hero.module.css
8 error  * css ./node_modules/css-loader??ref--5-2!./node_modules/postcss-loader/src??ref--5-3!./styles/shared.module.css
8 error
8 error chunk styles [mini-css-extract-plugin]
8 error Conflicting order between:
8 error  * css ./node_modules/css-loader??ref--5-2!./node_modules/postcss-loader/src??ref--5-3!./styles/shared.module.css
8 error  * css ./node_modules/css-loader??ref--5-2!./node_modules/postcss-loader/src??ref--5-3!./components/Cta.module.css
8 error  * css ./node_modules/css-loader??ref--5-2!./node_modules/postcss-loader/src??ref--5-3!./components/sections/ImageSection.module.css
8 error
8 error chunk styles [mini-css-extract-plugin]
8 error Conflicting order between:
8 error  * css ./node_modules/css-loader??ref--5-2!./node_modules/postcss-loader/src??ref--5-3!./components/sections/Hero.module.css
8 error  * css ./node_modules/css-loader??ref--5-2!./node_modules/postcss-loader/src??ref--5-3!./components/Cta.module.css
8 error  * css ./node_modules/css-loader??ref--5-2!./node_modules/postcss-loader/src??ref--5-3!./components/sections/ImageSection.module.css
8 error
8 error chunk styles [mini-css-extract-plugin]
8 error Conflicting order between:
8 error  * css ./node_modules/css-loader??ref--5-2!./node_modules/postcss-loader/src??ref--5-3!./components/Cta.module.css
8 error  * css ./node_modules/css-loader??ref--5-2!./node_modules/postcss-loader/src??ref--5-3!./components/sections/ImageSection.module.css
8 error
8 error chunk styles [mini-css-extract-plugin]
8 error Conflicting order between:
8 error  * css ./node_modules/css-loader??ref--5-2!./node_modules/postcss-loader/src??ref--5-3!./components/sections/Video.module.css
8 error  * css ./node_modules/css-loader??ref--5-2!./node_modules/postcss-loader/src??ref--5-3!./components/sections/ImageSection.module.css
8 error
8 error chunk styles [mini-css-extract-plugin]
8 error Conflicting order between:
8 error  * css ./node_modules/css-loader??ref--5-2!./node_modules/postcss-loader/src??ref--5-3!./node_modules/react-image-lightbox/style.css
8 error  * css ./node_modules/css-loader??ref--5-2!./node_modules/postcss-loader/src??ref--5-3!./components/sections/ImageSection.module.css
8 error
8 error chunk styles [mini-css-extract-plugin]
8 error Conflicting order between:
8 error  * css ./node_modules/css-loader??ref--5-2!./node_modules/postcss-loader/src??ref--5-3!./components/sections/Mailchimp.module.css
8 error  * css ./node_modules/css-loader??ref--5-2!./node_modules/postcss-loader/src??ref--5-3!./components/sections/ImageSection.module.css
8 error
8 error chunk styles [mini-css-extract-plugin]
8 error Conflicting order between:
8 error  * css ./node_modules/css-loader??ref--5-2!./node_modules/postcss-loader/src??ref--5-3!./components/sections/ImageSection.module.css
8 error  * css ./node_modules/css-loader??ref--5-2!./node_modules/postcss-loader/src??ref--5-3!./components/sections/TextSection.module.css
8 error [ info ]  ready on http://localhost:3000
8 error [ wait ]  compiling ...
8 error [ warn ]  chunk styles [mini-css-extract-plugin]
8 error Conflicting order between:
8 error  * css ./node_modules/css-loader??ref--5-2!./node_modules/postcss-loader/src??ref--5-3!./components/Figure.module.css
8 error  * css ./node_modules/css-loader??ref--5-2!./node_modules/postcss-loader/src??ref--5-3!./components/sections/Hero.module.css
8 error  * css ./node_modules/css-loader??ref--5-2!./node_modules/postcss-loader/src??ref--5-3!./styles/shared.module.css
8 error
8 error chunk styles [mini-css-extract-plugin]
8 error Conflicting order between:
8 error  * css ./node_modules/css-loader??ref--5-2!./node_modules/postcss-loader/src??ref--5-3!./styles/shared.module.css
8 error  * css ./node_modules/css-loader??ref--5-2!./node_modules/postcss-loader/src??ref--5-3!./components/Cta.module.css
8 error  * css ./node_modules/css-loader??ref--5-2!./node_modules/postcss-loader/src??ref--5-3!./components/sections/ImageSection.module.css
8 error
8 error chunk styles [mini-css-extract-plugin]
8 error Conflicting order between:
8 error  * css ./node_modules/css-loader??ref--5-2!./node_modules/postcss-loader/src??ref--5-3!./components/sections/Hero.module.css
8 error  * css ./node_modules/css-loader??ref--5-2!./node_modules/postcss-loader/src??ref--5-3!./components/Cta.module.css
8 error  * css ./node_modules/css-loader??ref--5-2!./node_modules/postcss-loader/src??ref--5-3!./components/sections/ImageSection.module.css
8 error
8 error chunk styles [mini-css-extract-plugin]
8 error Conflicting order between:
8 error  * css ./node_modules/css-loader??ref--5-2!./node_modules/postcss-loader/src??ref--5-3!./components/Cta.module.css
8 error  * css ./node_modules/css-loader??ref--5-2!./node_modules/postcss-loader/src??ref--5-3!./components/sections/ImageSection.module.css
8 error
8 error chunk styles [mini-css-extract-plugin]
8 error Conflicting order between:
8 error  * css ./node_modules/css-loader??ref--5-2!./node_modules/postcss-loader/src??ref--5-3!./components/sections/Video.module.css
8 error  * css ./node_modules/css-loader??ref--5-2!./node_modules/postcss-loader/src??ref--5-3!./components/sections/ImageSection.module.css
8 error
8 error chunk styles [mini-css-extract-plugin]
8 error Conflicting order between:
8 error  * css ./node_modules/css-loader??ref--5-2!./node_modules/postcss-loader/src??ref--5-3!./node_modules/react-image-lightbox/style.css
8 error  * css ./node_modules/css-loader??ref--5-2!./node_modules/postcss-loader/src??ref--5-3!./components/sections/ImageSection.module.css
8 error
8 error chunk styles [mini-css-extract-plugin]
8 error Conflicting order between:
8 error  * css ./node_modules/css-loader??ref--5-2!./node_modules/postcss-loader/src??ref--5-3!./components/sections/Mailchimp.module.css
8 error  * css ./node_modules/css-loader??ref--5-2!./node_modules/postcss-loader/src??ref--5-3!./components/sections/ImageSection.module.css
8 error
8 error chunk styles [mini-css-extract-plugin]
8 error Conflicting order between:
8 error  * css ./node_modules/css-loader??ref--5-2!./node_modules/postcss-loader/src??ref--5-3!./components/sections/TextSection.module.css
8 error  * css ./node_modules/css-loader??ref--5-2!./node_modules/postcss-loader/src??ref--5-3!./components/sections/ImageSection.module.css
8 error [ info ]  ready on http://localhost:3000
8 error [ wait ]  compiling ...
8 error [ warn ]  chunk styles [mini-css-extract-plugin]
8 error Conflicting order between:
8 error  * css ./node_modules/css-loader??ref--5-2!./node_modules/postcss-loader/src??ref--5-3!./components/Figure.module.css
8 error  * css ./node_modules/css-loader??ref--5-2!./node_modules/postcss-loader/src??ref--5-3!./components/sections/Hero.module.css
8 error  * css ./node_modules/css-loader??ref--5-2!./node_modules/postcss-loader/src??ref--5-3!./styles/shared.module.css
8 error
8 error chunk styles [mini-css-extract-plugin]
8 error Conflicting order between:
8 error  * css ./node_modules/css-loader??ref--5-2!./node_modules/postcss-loader/src??ref--5-3!./styles/shared.module.css
8 error  * css ./node_modules/css-loader??ref--5-2!./node_modules/postcss-loader/src??ref--5-3!./components/Cta.module.css
8 error  * css ./node_modules/css-loader??ref--5-2!./node_modules/postcss-loader/src??ref--5-3!./components/sections/ImageSection.module.css
8 error
8 error chunk styles [mini-css-extract-plugin]
8 error Conflicting order between:
8 error  * css ./node_modules/css-loader??ref--5-2!./node_modules/postcss-loader/src??ref--5-3!./components/sections/Hero.module.css
8 error  * css ./node_modules/css-loader??ref--5-2!./node_modules/postcss-loader/src??ref--5-3!./components/Cta.module.css
8 error  * css ./node_modules/css-loader??ref--5-2!./node_modules/postcss-loader/src??ref--5-3!./components/sections/ImageSection.module.css
8 error
8 error chunk styles [mini-css-extract-plugin]
8 error Conflicting order between:
8 error  * css ./node_modules/css-loader??ref--5-2!./node_modules/postcss-loader/src??ref--5-3!./components/Cta.module.css
8 error  * css ./node_modules/css-loader??ref--5-2!./node_modules/postcss-loader/src??ref--5-3!./components/sections/ImageSection.module.css
8 error
8 error chunk styles [mini-css-extract-plugin]
8 error Conflicting order between:
8 error  * css ./node_modules/css-loader??ref--5-2!./node_modules/postcss-loader/src??ref--5-3!./components/sections/Video.module.css
8 error  * css ./node_modules/css-loader??ref--5-2!./node_modules/postcss-loader/src??ref--5-3!./components/sections/ImageSection.module.css
8 error
8 error chunk styles [mini-css-extract-plugin]
8 error Conflicting order between:
8 error  * css ./node_modules/css-loader??ref--5-2!./node_modules/postcss-loader/src??ref--5-3!./node_modules/react-image-lightbox/style.css
8 error  * css ./node_modules/css-loader??ref--5-2!./node_modules/postcss-loader/src??ref--5-3!./components/sections/ImageSection.module.css
8 error
8 error chunk styles [mini-css-extract-plugin]
8 error Conflicting order between:
8 error  * css ./node_modules/css-loader??ref--5-2!./node_modules/postcss-loader/src??ref--5-3!./components/sections/Mailchimp.module.css
8 error  * css ./node_modules/css-loader??ref--5-2!./node_modules/postcss-loader/src??ref--5-3!./components/sections/ImageSection.module.css
8 error
8 error chunk styles [mini-css-extract-plugin]
8 error Conflicting order between:
8 error  * css ./node_modules/css-loader??ref--5-2!./node_modules/postcss-loader/src??ref--5-3!./components/sections/ImageSection.module.css
8 error  * css ./node_modules/css-loader??ref--5-2!./node_modules/postcss-loader/src??ref--5-3!./components/sections/TextSection.module.css
8 error [ info ]  ready on http://localhost:3000
8 error [ wait ]  compiling ...
8 error [ ready ] compiled successfully
8 error [ info ]  ready on http://localhost:3000
8 error [ wait ]  compiling ...
8 error [ ready ] compiled successfully
8 error [ info ]  ready on http://localhost:3000
8 error [ wait ]  compiling ...
8 error [ ready ] compiled successfully
8 error [ info ]  ready on http://localhost:3000
8 error [ wait ]  compiling ...
8 error [ ready ] compiled successfully
8 error [ info ]  ready on http://localhost:3000
8 error [ wait ]  compiling ...
8 error [ ready ] compiled successfully
8 error [ info ]  ready on http://localhost:3000
8 error [ wait ]  compiling ...
8 error [ ready ] compiled successfully
8 error [ info ]  ready on http://localhost:3000
8 error [ wait ]  compiling ...
8 error [ ready ] compiled successfully
8 error [ info ]  ready on http://localhost:3000
8 error [ wait ]  compiling ...
8 error [ ready ] compiled successfully
8 error [ info ]  ready on http://localhost:3000
8 error [ wait ]  compiling ...
8 error [ ready ] compiled successfully
8 error [ info ]  ready on http://localhost:3000
8 error [ wait ]  compiling ...
8 error [ ready ] compiled successfully
8 error [ info ]  ready on http://localhost:3000
8 error [ wait ]  compiling ...
8 error [ ready ] compiled successfully
8 error [ info ]  ready on http://localhost:3000
8 error [ wait ]  compiling ...
8 error [ error ] ./components/Header.js
8 error SyntaxError: /Users/home/Repositories/sanity-nextjs-landing-pages/web/components/Header.js: JSX value should be either an expression or a quoted JSX text (75:21)
8 error
8 error   73 |
8 error   74 |     return (
8 error > 75 |       <div className=`{styles.root} + red` data-show-nav={showNav}>
8 error      |                      ^
8 error   76 |         <h1 className={styles.branding}>
8 error   77 |           <Link
8 error   78 |             href={{
8 error [ wait ]  compiling ...
8 error [ error ] ./components/Header.js
8 error SyntaxError: /Users/home/Repositories/sanity-nextjs-landing-pages/web/components/Header.js: Unexpected token, expected "," (75:29)
8 error
8 error   73 |
8 error   74 |     return (
8 error > 75 |       <div className={{styles.root} `red`} data-show-nav={showNav}>
8 error      |                              ^
8 error   76 |         <h1 className={styles.branding}>
8 error   77 |           <Link
8 error   78 |             href={{
8 error [ wait ]  compiling ...
8 error [ error ] ./components/Header.js
8 error SyntaxError: /Users/home/Repositories/sanity-nextjs-landing-pages/web/components/Header.js: Unexpected token, expected "," (75:29)
8 error
8 error   73 |
8 error   74 |     return (
8 error > 75 |       <div className={{styles.root}, `red`} data-show-nav={showNav}>
8 error      |                              ^
8 error   76 |         <h1 className={styles.branding}>
8 error   77 |           <Link
8 error   78 |             href={{
8 error [ wait ]  compiling ...
8 error [ error ] ./components/Header.js
8 error SyntaxError: /Users/home/Repositories/sanity-nextjs-landing-pages/web/components/Header.js: Unexpected token, expected "," (75:29)
8 error
8 error   73 |
8 error   74 |     return (
8 error > 75 |       <div className={{styles.root}+ `red`} data-show-nav={showNav}>
8 error      |                              ^
8 error   76 |         <h1 className={styles.branding}>
8 error   77 |           <Link
8 error   78 |             href={{
8 error [ wait ]  compiling ...
8 error [ ready ] compiled successfully
8 error [ info ]  ready on http://localhost:3000
8 error [ wait ]  compiling ...
8 error [ ready ] compiled successfully
8 error [ info ]  ready on http://localhost:3000
8 error [ wait ]  compiling ...
8 error [ ready ] compiled successfully
8 error [ info ]  ready on http://localhost:3000
8 error [ wait ]  compiling ...
8 error [ ready ] compiled successfully
8 error [ info ]  ready on http://localhost:3000
8 error [ wait ]  compiling ...
8 error [ ready ] compiled successfully
8 error [ info ]  ready on http://localhost:3000
8 error [ wait ]  compiling ...
8 error [ ready ] compiled successfully
8 error [ info ]  ready on http://localhost:3000
8 error [ wait ]  compiling ...
8 error [ ready ] compiled successfully
8 error [ info ]  ready on http://localhost:3000
8 error [ wait ]  compiling ...
8 error [ ready ] compiled successfully
8 error [ info ]  ready on http://localhost:3000
8 error [ wait ]  compiling ...
8 error [ ready ] compiled successfully
8 error [ info ]  ready on http://localhost:3000
8 error [ wait ]  compiling ...
8 error [ ready ] compiled successfully
8 error [ info ]  ready on http://localhost:3000
8 error [ wait ]  compiling ...
8 error [ ready ] compiled successfully
8 error [ info ]  ready on http://localhost:3000
8 error [ wait ]  compiling ...
8 error [ ready ] compiled successfully
8 error [ info ]  ready on http://localhost:3000
8 error [ wait ]  compiling ...
8 error [ ready ] compiled successfully
8 error [ info ]  ready on http://localhost:3000
8 error [ wait ]  compiling ...
8 error [ ready ] compiled successfully
8 error [ info ]  ready on http://localhost:3000
8 error [ wait ]  compiling ...
8 error [ ready ] compiled successfully
8 error [ info ]  ready on http://localhost:3000
8 error [ wait ]  compiling ...
8 error [ ready ] compiled successfully
8 error [ info ]  ready on http://localhost:3000
8 error [ wait ]  compiling ...
8 error [ ready ] compiled successfully
8 error [ info ]  ready on http://localhost:3000
8 error [ wait ]  compiling ...
8 error [ ready ] compiled successfully
8 error [ info ]  ready on http://localhost:3000
8 error [ event ] build page: /next/dist/pages/_error
8 error [ wait ]  compiling ...
8 error [ ready ] compiled successfully
8 error [ info ]  ready on http://localhost:3000
8 error [ wait ]  compiling ...
8 error [ ready ] compiled successfully
8 error [ info ]  ready on http://localhost:3000
8 error [ wait ]  compiling ...
8 error [ ready ] compiled successfully
8 error [ info ]  ready on http://localhost:3000
8 error [ event ] disposing inactive page(s): /next/dist/pages/_error
8 error [ event ] build page: /next/dist/pages/_error
8 error [ wait ]  compiling ...
8 error [ ready ] compiled successfully
8 error [ info ]  ready on http://localhost:3000
8 error [ event ] disposing inactive page(s): /next/dist/pages/_error
8 error [ event ] build page: /next/dist/pages/_error
8 error [ wait ]  compiling ...
8 error [ ready ] compiled successfully
8 error [ info ]  ready on http://localhost:3000
8 error [ wait ]  compiling ...
8 error [ ready ] compiled successfully
8 error [ info ]  ready on http://localhost:3000
8 error [ event ] disposing inactive page(s): /next/dist/pages/_error
8 error [ wait ]  compiling ...
8 error [ ready ] compiled successfully
8 error [ info ]  ready on http://localhost:3000
8 error [ event ] build page: /next/dist/pages/_error
8 error [ wait ]  compiling ...
8 error [ ready ] compiled successfully
8 error [ info ]  ready on http://localhost:3000
8 error [ wait ]  compiling ...
8 error [ ready ] compiled successfully
8 error [ info ]  ready on http://localhost:3000
8 error [ event ] disposing inactive page(s): /next/dist/pages/_error
8 error [ event ] build page: /next/dist/pages/_error
8 error [ wait ]  compiling ...
8 error [ ready ] compiled successfully
8 error [ info ]  ready on http://localhost:3000
8 error [ event ] disposing inactive page(s): /next/dist/pages/_error
8 error [ event ] build page: /next/dist/pages/_error
8 error [ wait ]  compiling ...
8 error [ ready ] compiled successfully
8 error [ info ]  ready on http://localhost:3000
8 error [ event ] disposing inactive page(s): /next/dist/pages/_error
8 error [ wait ]  compiling ...
8 error [ ready ] compiled successfully
8 error [ info ]  ready on http://localhost:3000
8 error [ event ] build page: /next/dist/pages/_error
8 error [ wait ]  compiling ...
8 error [ ready ] compiled successfully
8 error [ info ]  ready on http://localhost:3000
8 error [ wait ]  compiling ...
8 error [ ready ] compiled successfully
8 error [ info ]  ready on http://localhost:3000
8 error [ wait ]  compiling ...
8 error [ ready ] compiled successfully
8 error [ info ]  ready on http://localhost:3000
8 error [ event ] disposing inactive page(s): /next/dist/pages/_error
8 error [ event ] build page: /next/dist/pages/_error
8 error [ wait ]  compiling ...
8 error [ ready ] compiled successfully
8 error [ info ]  ready on http://localhost:3000
8 error [ event ] disposing inactive page(s): /next/dist/pages/_error
8 error [ wait ]  compiling ...
8 error [ ready ] compiled successfully
8 error [ info ]  ready on http://localhost:3000
8 error [ event ] build page: /next/dist/pages/_error
8 error [ wait ]  compiling ...
8 error [ ready ] compiled successfully
8 error [ info ]  ready on http://localhost:3000
8 error [ wait ]  compiling ...
8 error [ error ] ./components/sections/Video.js
8 error Module not found: Can't resolve 'lib/image' in '/Users/home/Repositories/sanity-nextjs-landing-pages/web/components/sections'
8 error
8 error     at makeError (/Users/home/Repositories/sanity-nextjs-landing-pages/node_modules/execa/index.js:174:9)
8 error     at /Users/home/Repositories/sanity-nextjs-landing-pages/node_modules/execa/index.js:278:16
